2024-09-30 13:23:57,522 DEBUG    root            Loaded Command Group: ['gcloud', 'components']
2024-09-30 13:23:57,527 DEBUG    root            Loaded Command Group: ['gcloud', 'components', 'update']
2024-09-30 13:23:57,530 DEBUG    root            Running [gcloud.components.update] with arguments: [--compile-python: "True", --quiet: "True", COMPONENT-IDS:6: "['core', 'gcloud-deps', 'bq', 'gcloud', 'gcloud-crc32c', 'gsutil']"]
2024-09-30 13:23:57,532 INFO     ___FILE_ONLY___ Beginning update. This process may take several minutes.

2024-09-30 13:23:57,571 DEBUG    urllib3.connectionpool Starting new HTTPS connection (1): dl.google.com:443
2024-09-30 13:23:57,639 DEBUG    urllib3.connectionpool https://dl.google.com:443 "GET /dl/cloudsdk/channels/rapid/components-2.json HTTP/1.1" 200 227002
2024-09-30 13:23:57,659 INFO     ___FILE_ONLY___ 

2024-09-30 13:23:57,660 INFO     ___FILE_ONLY___ 
Your current Google Cloud CLI version is: 494.0.0

2024-09-30 13:23:57,660 INFO     ___FILE_ONLY___ Installing components from version: 494.0.0

2024-09-30 13:23:57,660 INFO     ___FILE_ONLY___ 

2024-09-30 13:23:57,660 DEBUG    root            Chosen display Format:table[box,title="These components will be removed."](details.display_name:label=Name:align=left,version.version_string:label=Version:align=right,data.size.size(zero="",min=1048576):label=Size:align=right)
2024-09-30 13:23:57,661 DEBUG    root            Chosen display Format:table[box,title="These components will be updated."](details.display_name:label=Name:align=left,version.version_string:label=Version:align=right,data.size.size(zero="",min=1048576):label=Size:align=right)
2024-09-30 13:23:57,662 DEBUG    root            Chosen display Format:table[box,title="These components will be installed."](details.display_name:label=Name:align=left,version.version_string:label=Version:align=right,data.size.size(zero="",min=1048576):label=Size:align=right)
2024-09-30 13:23:57,713 INFO     ___FILE_ONLY___ ┌─────────────────────────────────────────────────────────────────────────────┐
2024-09-30 13:23:57,714 INFO     ___FILE_ONLY___ 

2024-09-30 13:23:57,714 INFO     ___FILE_ONLY___ │                     These components will be installed.                     │
2024-09-30 13:23:57,714 INFO     ___FILE_ONLY___ 

2024-09-30 13:23:57,714 INFO     ___FILE_ONLY___ ├─────────────────────────────────────────────────────┬────────────┬──────────┤
2024-09-30 13:23:57,714 INFO     ___FILE_ONLY___ 

2024-09-30 13:23:57,714 INFO     ___FILE_ONLY___ │                         Name                        │  Version   │   Size   │
2024-09-30 13:23:57,714 INFO     ___FILE_ONLY___ 

2024-09-30 13:23:57,714 INFO     ___FILE_ONLY___ ├─────────────────────────────────────────────────────┼────────────┼──────────┤
2024-09-30 13:23:57,714 INFO     ___FILE_ONLY___ 

2024-09-30 13:23:57,714 INFO     ___FILE_ONLY___ │ 
2024-09-30 13:23:57,714 INFO     ___FILE_ONLY___ BigQuery Command Line Tool                         
2024-09-30 13:23:57,714 INFO     ___FILE_ONLY___  
2024-09-30 13:23:57,714 INFO     ___FILE_ONLY___ │ 
2024-09-30 13:23:57,715 INFO     ___FILE_ONLY___      2.1.8
2024-09-30 13:23:57,715 INFO     ___FILE_ONLY___  
2024-09-30 13:23:57,715 INFO     ___FILE_ONLY___ │ 
2024-09-30 13:23:57,715 INFO     ___FILE_ONLY___  1.7 MiB
2024-09-30 13:23:57,715 INFO     ___FILE_ONLY___  
2024-09-30 13:23:57,715 INFO     ___FILE_ONLY___ │
2024-09-30 13:23:57,715 INFO     ___FILE_ONLY___ 

2024-09-30 13:23:57,715 INFO     ___FILE_ONLY___ │ 
2024-09-30 13:23:57,715 INFO     ___FILE_ONLY___ BigQuery Command Line Tool (Platform Specific)     
2024-09-30 13:23:57,715 INFO     ___FILE_ONLY___  
2024-09-30 13:23:57,715 INFO     ___FILE_ONLY___ │ 
2024-09-30 13:23:57,716 INFO     ___FILE_ONLY___      2.1.8
2024-09-30 13:23:57,716 INFO     ___FILE_ONLY___  
2024-09-30 13:23:57,716 INFO     ___FILE_ONLY___ │ 
2024-09-30 13:23:57,716 INFO     ___FILE_ONLY___  < 1 MiB
2024-09-30 13:23:57,716 INFO     ___FILE_ONLY___  
2024-09-30 13:23:57,716 INFO     ___FILE_ONLY___ │
2024-09-30 13:23:57,716 INFO     ___FILE_ONLY___ 

2024-09-30 13:23:57,716 INFO     ___FILE_ONLY___ │ 
2024-09-30 13:23:57,716 INFO     ___FILE_ONLY___ Bundled Python 3.11 (Platform Specific)            
2024-09-30 13:23:57,716 INFO     ___FILE_ONLY___  
2024-09-30 13:23:57,716 INFO     ___FILE_ONLY___ │ 
2024-09-30 13:23:57,717 INFO     ___FILE_ONLY___     3.11.9
2024-09-30 13:23:57,717 INFO     ___FILE_ONLY___  
2024-09-30 13:23:57,717 INFO     ___FILE_ONLY___ │ 
2024-09-30 13:23:57,717 INFO     ___FILE_ONLY___ 74.4 MiB
2024-09-30 13:23:57,717 INFO     ___FILE_ONLY___  
2024-09-30 13:23:57,717 INFO     ___FILE_ONLY___ │
2024-09-30 13:23:57,717 INFO     ___FILE_ONLY___ 

2024-09-30 13:23:57,717 INFO     ___FILE_ONLY___ │ 
2024-09-30 13:23:57,717 INFO     ___FILE_ONLY___ Cloud Storage Command Line Tool                    
2024-09-30 13:23:57,717 INFO     ___FILE_ONLY___  
2024-09-30 13:23:57,717 INFO     ___FILE_ONLY___ │ 
2024-09-30 13:23:57,717 INFO     ___FILE_ONLY___       5.30
2024-09-30 13:23:57,717 INFO     ___FILE_ONLY___  
2024-09-30 13:23:57,718 INFO     ___FILE_ONLY___ │ 
2024-09-30 13:23:57,718 INFO     ___FILE_ONLY___ 11.3 MiB
2024-09-30 13:23:57,718 INFO     ___FILE_ONLY___  
2024-09-30 13:23:57,718 INFO     ___FILE_ONLY___ │
2024-09-30 13:23:57,718 INFO     ___FILE_ONLY___ 

2024-09-30 13:23:57,718 INFO     ___FILE_ONLY___ │ 
2024-09-30 13:23:57,718 INFO     ___FILE_ONLY___ Cloud Storage Command Line Tool (Platform Specific)
2024-09-30 13:23:57,718 INFO     ___FILE_ONLY___  
2024-09-30 13:23:57,718 INFO     ___FILE_ONLY___ │ 
2024-09-30 13:23:57,718 INFO     ___FILE_ONLY___       5.30
2024-09-30 13:23:57,718 INFO     ___FILE_ONLY___  
2024-09-30 13:23:57,718 INFO     ___FILE_ONLY___ │ 
2024-09-30 13:23:57,718 INFO     ___FILE_ONLY___  < 1 MiB
2024-09-30 13:23:57,718 INFO     ___FILE_ONLY___  
2024-09-30 13:23:57,719 INFO     ___FILE_ONLY___ │
2024-09-30 13:23:57,719 INFO     ___FILE_ONLY___ 

2024-09-30 13:23:57,719 INFO     ___FILE_ONLY___ │ 
2024-09-30 13:23:57,719 INFO     ___FILE_ONLY___ Google Cloud CLI Core Libraries (Platform Specific)
2024-09-30 13:23:57,719 INFO     ___FILE_ONLY___  
2024-09-30 13:23:57,719 INFO     ___FILE_ONLY___ │ 
2024-09-30 13:23:57,719 INFO     ___FILE_ONLY___ 2024.08.30
2024-09-30 13:23:57,719 INFO     ___FILE_ONLY___  
2024-09-30 13:23:57,719 INFO     ___FILE_ONLY___ │ 
2024-09-30 13:23:57,719 INFO     ___FILE_ONLY___  < 1 MiB
2024-09-30 13:23:57,719 INFO     ___FILE_ONLY___  
2024-09-30 13:23:57,719 INFO     ___FILE_ONLY___ │
2024-09-30 13:23:57,719 INFO     ___FILE_ONLY___ 

2024-09-30 13:23:57,720 INFO     ___FILE_ONLY___ │ 
2024-09-30 13:23:57,720 INFO     ___FILE_ONLY___ Google Cloud CRC32C Hash Tool (Platform Specific)  
2024-09-30 13:23:57,720 INFO     ___FILE_ONLY___  
2024-09-30 13:23:57,720 INFO     ___FILE_ONLY___ │ 
2024-09-30 13:23:57,720 INFO     ___FILE_ONLY___      1.0.0
2024-09-30 13:23:57,720 INFO     ___FILE_ONLY___  
2024-09-30 13:23:57,720 INFO     ___FILE_ONLY___ │ 
2024-09-30 13:23:57,720 INFO     ___FILE_ONLY___  1.3 MiB
2024-09-30 13:23:57,720 INFO     ___FILE_ONLY___  
2024-09-30 13:23:57,720 INFO     ___FILE_ONLY___ │
2024-09-30 13:23:57,720 INFO     ___FILE_ONLY___ 

2024-09-30 13:23:57,720 INFO     ___FILE_ONLY___ │ 
2024-09-30 13:23:57,720 INFO     ___FILE_ONLY___ gcloud cli dependencies (Platform Specific)        
2024-09-30 13:23:57,720 INFO     ___FILE_ONLY___  
2024-09-30 13:23:57,721 INFO     ___FILE_ONLY___ │ 
2024-09-30 13:23:57,721 INFO     ___FILE_ONLY___ 2021.04.16
2024-09-30 13:23:57,721 INFO     ___FILE_ONLY___  
2024-09-30 13:23:57,721 INFO     ___FILE_ONLY___ │ 
2024-09-30 13:23:57,721 INFO     ___FILE_ONLY___  < 1 MiB
2024-09-30 13:23:57,721 INFO     ___FILE_ONLY___  
2024-09-30 13:23:57,721 INFO     ___FILE_ONLY___ │
2024-09-30 13:23:57,721 INFO     ___FILE_ONLY___ 

2024-09-30 13:23:57,721 INFO     ___FILE_ONLY___ └─────────────────────────────────────────────────────┴────────────┴──────────┘
2024-09-30 13:23:57,721 INFO     ___FILE_ONLY___ 

2024-09-30 13:23:57,721 INFO     ___FILE_ONLY___ 

2024-09-30 13:23:57,725 DEBUG    urllib3.connectionpool Starting new HTTPS connection (1): dl.google.com:443
2024-09-30 13:23:57,794 DEBUG    urllib3.connectionpool https://dl.google.com:443 "GET /dl/cloudsdk/channels/rapid/RELEASE_NOTES HTTP/1.1" 200 1277951
2024-09-30 13:23:57,864 INFO     ___FILE_ONLY___ For the latest full release notes, please visit:
  https://cloud.google.com/sdk/release_notes


2024-09-30 13:23:57,864 INFO     ___FILE_ONLY___ Performing in place update...


2024-09-30 13:23:57,867 INFO     ___FILE_ONLY___ ╔════════════════════════════════════════════════════════════╗

2024-09-30 13:23:57,867 INFO     ___FILE_ONLY___ ╠═ Downloading: BigQuery Command Line Tool                  ═╣

2024-09-30 13:23:57,867 INFO     ___FILE_ONLY___ ╚
2024-09-30 13:23:57,871 DEBUG    urllib3.connectionpool Starting new HTTPS connection (1): dl.google.com:443
2024-09-30 13:23:57,937 DEBUG    urllib3.connectionpool https://dl.google.com:443 "GET /dl/cloudsdk/channels/rapid/components/google-cloud-sdk-bq-20240816183020.tar.gz HTTP/1.1" 200 1818208
2024-09-30 13:23:57,952 INFO     ___FILE_ONLY___ ═
2024-09-30 13:23:57,952 INFO     ___FILE_ONLY___ ═
2024-09-30 13:23:57,952 INFO     ___FILE_ONLY___ ═
2024-09-30 13:23:57,952 INFO     ___FILE_ONLY___ ═
2024-09-30 13:23:57,952 INFO     ___FILE_ONLY___ ═
2024-09-30 13:23:57,952 INFO     ___FILE_ONLY___ ═
2024-09-30 13:23:57,953 INFO     ___FILE_ONLY___ ═
2024-09-30 13:23:57,953 INFO     ___FILE_ONLY___ ═
2024-09-30 13:23:57,953 INFO     ___FILE_ONLY___ ═
2024-09-30 13:23:57,953 INFO     ___FILE_ONLY___ ═
2024-09-30 13:23:57,953 INFO     ___FILE_ONLY___ ═
2024-09-30 13:23:57,953 INFO     ___FILE_ONLY___ ═
2024-09-30 13:23:57,953 INFO     ___FILE_ONLY___ ═
2024-09-30 13:23:57,953 INFO     ___FILE_ONLY___ ═
2024-09-30 13:23:57,954 INFO     ___FILE_ONLY___ ═
2024-09-30 13:23:57,954 INFO     ___FILE_ONLY___ ═
2024-09-30 13:23:57,954 INFO     ___FILE_ONLY___ ═
2024-09-30 13:23:57,954 INFO     ___FILE_ONLY___ ═
2024-09-30 13:23:57,954 INFO     ___FILE_ONLY___ ═
2024-09-30 13:23:57,954 INFO     ___FILE_ONLY___ ═
2024-09-30 13:23:57,954 INFO     ___FILE_ONLY___ ═
2024-09-30 13:23:57,954 INFO     ___FILE_ONLY___ ═
2024-09-30 13:23:57,954 INFO     ___FILE_ONLY___ ═
2024-09-30 13:23:57,955 INFO     ___FILE_ONLY___ ═
2024-09-30 13:23:57,955 INFO     ___FILE_ONLY___ ═
2024-09-30 13:23:57,955 INFO     ___FILE_ONLY___ ═
2024-09-30 13:23:57,955 INFO     ___FILE_ONLY___ ═
2024-09-30 13:23:57,955 INFO     ___FILE_ONLY___ ═
2024-09-30 13:23:57,955 INFO     ___FILE_ONLY___ ═
2024-09-30 13:23:57,955 INFO     ___FILE_ONLY___ ═
2024-09-30 13:23:57,955 INFO     ___FILE_ONLY___ ═
2024-09-30 13:23:57,956 INFO     ___FILE_ONLY___ ═
2024-09-30 13:23:57,956 INFO     ___FILE_ONLY___ ═
2024-09-30 13:23:57,956 INFO     ___FILE_ONLY___ ═
2024-09-30 13:23:57,956 INFO     ___FILE_ONLY___ ═
2024-09-30 13:23:57,956 INFO     ___FILE_ONLY___ ═
2024-09-30 13:23:57,956 INFO     ___FILE_ONLY___ ═
2024-09-30 13:23:57,956 INFO     ___FILE_ONLY___ ═
2024-09-30 13:23:57,956 INFO     ___FILE_ONLY___ ═
2024-09-30 13:23:57,957 INFO     ___FILE_ONLY___ ═
2024-09-30 13:23:57,957 INFO     ___FILE_ONLY___ ═
2024-09-30 13:23:57,957 INFO     ___FILE_ONLY___ ═
2024-09-30 13:23:57,957 INFO     ___FILE_ONLY___ ═
2024-09-30 13:23:57,957 INFO     ___FILE_ONLY___ ═
2024-09-30 13:23:57,957 INFO     ___FILE_ONLY___ ═
2024-09-30 13:23:57,957 INFO     ___FILE_ONLY___ ═
2024-09-30 13:23:57,957 INFO     ___FILE_ONLY___ ═
2024-09-30 13:23:57,957 INFO     ___FILE_ONLY___ ═
2024-09-30 13:23:57,958 INFO     ___FILE_ONLY___ ═
2024-09-30 13:23:57,958 INFO     ___FILE_ONLY___ ═
2024-09-30 13:23:57,958 INFO     ___FILE_ONLY___ ═
2024-09-30 13:23:57,958 INFO     ___FILE_ONLY___ ═
2024-09-30 13:23:57,958 INFO     ___FILE_ONLY___ ═
2024-09-30 13:23:57,958 INFO     ___FILE_ONLY___ ═
2024-09-30 13:23:57,958 INFO     ___FILE_ONLY___ ═
2024-09-30 13:23:57,958 INFO     ___FILE_ONLY___ ═
2024-09-30 13:23:57,959 INFO     ___FILE_ONLY___ ═
2024-09-30 13:23:57,959 INFO     ___FILE_ONLY___ ═
2024-09-30 13:23:57,959 INFO     ___FILE_ONLY___ ═
2024-09-30 13:23:57,959 INFO     ___FILE_ONLY___ ═
2024-09-30 13:23:57,959 INFO     ___FILE_ONLY___ ╝

2024-09-30 13:23:57,961 INFO     ___FILE_ONLY___ ╔════════════════════════════════════════════════════════════╗

2024-09-30 13:23:57,962 INFO     ___FILE_ONLY___ ╠═ Downloading: BigQuery Command Line Tool (Platform Spe... ═╣

2024-09-30 13:23:57,962 INFO     ___FILE_ONLY___ ╚
2024-09-30 13:23:57,965 DEBUG    urllib3.connectionpool Starting new HTTPS connection (1): dl.google.com:443
2024-09-30 13:23:58,031 DEBUG    urllib3.connectionpool https://dl.google.com:443 "GET /dl/cloudsdk/channels/rapid/components/google-cloud-sdk-bq-nix-20240830134514.tar.gz HTTP/1.1" 200 1914
2024-09-30 13:23:58,032 INFO     ___FILE_ONLY___ ════════════════════════════════════════════════════════════
2024-09-30 13:23:58,032 INFO     ___FILE_ONLY___ ╝

2024-09-30 13:23:58,034 INFO     ___FILE_ONLY___ ╔════════════════════════════════════════════════════════════╗

2024-09-30 13:23:58,034 INFO     ___FILE_ONLY___ ╠═ Downloading: Bundled Python 3.11                         ═╣

2024-09-30 13:23:58,035 INFO     ___FILE_ONLY___ ╚
2024-09-30 13:23:58,035 INFO     ___FILE_ONLY___ ════════════════════════════════════════════════════════════
2024-09-30 13:23:58,035 INFO     ___FILE_ONLY___ ╝

2024-09-30 13:23:58,037 INFO     ___FILE_ONLY___ ╔════════════════════════════════════════════════════════════╗

2024-09-30 13:23:58,037 INFO     ___FILE_ONLY___ ╠═ Downloading: Bundled Python 3.11 (Platform Specific)     ═╣

2024-09-30 13:23:58,037 INFO     ___FILE_ONLY___ ╚
2024-09-30 13:23:58,041 DEBUG    urllib3.connectionpool Starting new HTTPS connection (1): dl.google.com:443
2024-09-30 13:23:58,104 DEBUG    urllib3.connectionpool https://dl.google.com:443 "GET /dl/cloudsdk/channels/rapid/components/google-cloud-sdk-bundled-python3-unix-linux-x86_64-20240920144119.tar.gz HTTP/1.1" 200 78001783
2024-09-30 13:23:58,421 INFO     ___FILE_ONLY___ ═
2024-09-30 13:23:58,423 INFO     ___FILE_ONLY___ ═
2024-09-30 13:23:58,425 INFO     ___FILE_ONLY___ ═
2024-09-30 13:23:58,426 INFO     ___FILE_ONLY___ ═
2024-09-30 13:23:58,428 INFO     ___FILE_ONLY___ ═
2024-09-30 13:23:58,430 INFO     ___FILE_ONLY___ ═
2024-09-30 13:23:58,432 INFO     ___FILE_ONLY___ ═
2024-09-30 13:23:58,434 INFO     ___FILE_ONLY___ ═
2024-09-30 13:23:58,436 INFO     ___FILE_ONLY___ ═
2024-09-30 13:23:58,437 INFO     ___FILE_ONLY___ ═
2024-09-30 13:23:58,439 INFO     ___FILE_ONLY___ ═
2024-09-30 13:23:58,441 INFO     ___FILE_ONLY___ ═
2024-09-30 13:23:58,443 INFO     ___FILE_ONLY___ ═
2024-09-30 13:23:58,444 INFO     ___FILE_ONLY___ ═
2024-09-30 13:23:58,446 INFO     ___FILE_ONLY___ ═
2024-09-30 13:23:58,448 INFO     ___FILE_ONLY___ ═
2024-09-30 13:23:58,450 INFO     ___FILE_ONLY___ ═
2024-09-30 13:23:58,451 INFO     ___FILE_ONLY___ ═
2024-09-30 13:23:58,453 INFO     ___FILE_ONLY___ ═
2024-09-30 13:23:58,455 INFO     ___FILE_ONLY___ ═
2024-09-30 13:23:58,457 INFO     ___FILE_ONLY___ ═
2024-09-30 13:23:58,458 INFO     ___FILE_ONLY___ ═
2024-09-30 13:23:58,460 INFO     ___FILE_ONLY___ ═
2024-09-30 13:23:58,462 INFO     ___FILE_ONLY___ ═
2024-09-30 13:23:58,464 INFO     ___FILE_ONLY___ ═
2024-09-30 13:23:58,465 INFO     ___FILE_ONLY___ ═
2024-09-30 13:23:58,467 INFO     ___FILE_ONLY___ ═
2024-09-30 13:23:58,469 INFO     ___FILE_ONLY___ ═
2024-09-30 13:23:58,471 INFO     ___FILE_ONLY___ ═
2024-09-30 13:23:58,472 INFO     ___FILE_ONLY___ ═
2024-09-30 13:23:58,474 INFO     ___FILE_ONLY___ ═
2024-09-30 13:23:58,476 INFO     ___FILE_ONLY___ ═
2024-09-30 13:23:58,478 INFO     ___FILE_ONLY___ ═
2024-09-30 13:23:58,480 INFO     ___FILE_ONLY___ ═
2024-09-30 13:23:58,481 INFO     ___FILE_ONLY___ ═
2024-09-30 13:23:58,483 INFO     ___FILE_ONLY___ ═
2024-09-30 13:23:58,485 INFO     ___FILE_ONLY___ ═
2024-09-30 13:23:58,487 INFO     ___FILE_ONLY___ ═
2024-09-30 13:23:58,488 INFO     ___FILE_ONLY___ ═
2024-09-30 13:23:58,490 INFO     ___FILE_ONLY___ ═
2024-09-30 13:23:58,492 INFO     ___FILE_ONLY___ ═
2024-09-30 13:23:58,494 INFO     ___FILE_ONLY___ ═
2024-09-30 13:23:58,495 INFO     ___FILE_ONLY___ ═
2024-09-30 13:23:58,497 INFO     ___FILE_ONLY___ ═
2024-09-30 13:23:58,499 INFO     ___FILE_ONLY___ ═
2024-09-30 13:23:58,501 INFO     ___FILE_ONLY___ ═
2024-09-30 13:23:58,502 INFO     ___FILE_ONLY___ ═
2024-09-30 13:23:58,504 INFO     ___FILE_ONLY___ ═
2024-09-30 13:23:58,506 INFO     ___FILE_ONLY___ ═
2024-09-30 13:23:58,508 INFO     ___FILE_ONLY___ ═
2024-09-30 13:23:58,510 INFO     ___FILE_ONLY___ ═
2024-09-30 13:23:58,511 INFO     ___FILE_ONLY___ ═
2024-09-30 13:23:58,513 INFO     ___FILE_ONLY___ ═
2024-09-30 13:23:58,515 INFO     ___FILE_ONLY___ ═
2024-09-30 13:23:58,517 INFO     ___FILE_ONLY___ ═
2024-09-30 13:23:58,519 INFO     ___FILE_ONLY___ ═
2024-09-30 13:23:58,521 INFO     ___FILE_ONLY___ ═
2024-09-30 13:23:58,523 INFO     ___FILE_ONLY___ ═
2024-09-30 13:23:58,524 INFO     ___FILE_ONLY___ ═
2024-09-30 13:23:58,526 INFO     ___FILE_ONLY___ ═
2024-09-30 13:23:58,526 INFO     ___FILE_ONLY___ ╝

2024-09-30 13:23:58,529 INFO     ___FILE_ONLY___ ╔════════════════════════════════════════════════════════════╗

2024-09-30 13:23:58,529 INFO     ___FILE_ONLY___ ╠═ Downloading: Cloud Storage Command Line Tool             ═╣

2024-09-30 13:23:58,529 INFO     ___FILE_ONLY___ ╚
2024-09-30 13:23:58,539 DEBUG    urllib3.connectionpool Starting new HTTPS connection (1): dl.google.com:443
2024-09-30 13:23:58,603 DEBUG    urllib3.connectionpool https://dl.google.com:443 "GET /dl/cloudsdk/channels/rapid/components/google-cloud-sdk-gsutil-20240614142823.tar.gz HTTP/1.1" 200 11883175
2024-09-30 13:23:58,648 INFO     ___FILE_ONLY___ ═
2024-09-30 13:23:58,649 INFO     ___FILE_ONLY___ ═
2024-09-30 13:23:58,649 INFO     ___FILE_ONLY___ ═
2024-09-30 13:23:58,649 INFO     ___FILE_ONLY___ ═
2024-09-30 13:23:58,650 INFO     ___FILE_ONLY___ ═
2024-09-30 13:23:58,650 INFO     ___FILE_ONLY___ ═
2024-09-30 13:23:58,650 INFO     ___FILE_ONLY___ ═
2024-09-30 13:23:58,651 INFO     ___FILE_ONLY___ ═
2024-09-30 13:23:58,651 INFO     ___FILE_ONLY___ ═
2024-09-30 13:23:58,652 INFO     ___FILE_ONLY___ ═
2024-09-30 13:23:58,652 INFO     ___FILE_ONLY___ ═
2024-09-30 13:23:58,652 INFO     ___FILE_ONLY___ ═
2024-09-30 13:23:58,653 INFO     ___FILE_ONLY___ ═
2024-09-30 13:23:58,653 INFO     ___FILE_ONLY___ ═
2024-09-30 13:23:58,653 INFO     ___FILE_ONLY___ ═
2024-09-30 13:23:58,654 INFO     ___FILE_ONLY___ ═
2024-09-30 13:23:58,654 INFO     ___FILE_ONLY___ ═
2024-09-30 13:23:58,654 INFO     ___FILE_ONLY___ ═
2024-09-30 13:23:58,655 INFO     ___FILE_ONLY___ ═
2024-09-30 13:23:58,655 INFO     ___FILE_ONLY___ ═
2024-09-30 13:23:58,655 INFO     ___FILE_ONLY___ ═
2024-09-30 13:23:58,656 INFO     ___FILE_ONLY___ ═
2024-09-30 13:23:58,656 INFO     ___FILE_ONLY___ ═
2024-09-30 13:23:58,656 INFO     ___FILE_ONLY___ ═
2024-09-30 13:23:58,657 INFO     ___FILE_ONLY___ ═
2024-09-30 13:23:58,657 INFO     ___FILE_ONLY___ ═
2024-09-30 13:23:58,657 INFO     ___FILE_ONLY___ ═
2024-09-30 13:23:58,658 INFO     ___FILE_ONLY___ ═
2024-09-30 13:23:58,658 INFO     ___FILE_ONLY___ ═
2024-09-30 13:23:58,658 INFO     ___FILE_ONLY___ ═
2024-09-30 13:23:58,659 INFO     ___FILE_ONLY___ ═
2024-09-30 13:23:58,659 INFO     ___FILE_ONLY___ ═
2024-09-30 13:23:58,660 INFO     ___FILE_ONLY___ ═
2024-09-30 13:23:58,660 INFO     ___FILE_ONLY___ ═
2024-09-30 13:23:58,660 INFO     ___FILE_ONLY___ ═
2024-09-30 13:23:58,661 INFO     ___FILE_ONLY___ ═
2024-09-30 13:23:58,661 INFO     ___FILE_ONLY___ ═
2024-09-30 13:23:58,661 INFO     ___FILE_ONLY___ ═
2024-09-30 13:23:58,662 INFO     ___FILE_ONLY___ ═
2024-09-30 13:23:58,662 INFO     ___FILE_ONLY___ ═
2024-09-30 13:23:58,662 INFO     ___FILE_ONLY___ ═
2024-09-30 13:23:58,663 INFO     ___FILE_ONLY___ ═
2024-09-30 13:23:58,663 INFO     ___FILE_ONLY___ ═
2024-09-30 13:23:58,663 INFO     ___FILE_ONLY___ ═
2024-09-30 13:23:58,664 INFO     ___FILE_ONLY___ ═
2024-09-30 13:23:58,664 INFO     ___FILE_ONLY___ ═
2024-09-30 13:23:58,664 INFO     ___FILE_ONLY___ ═
2024-09-30 13:23:58,665 INFO     ___FILE_ONLY___ ═
2024-09-30 13:23:58,665 INFO     ___FILE_ONLY___ ═
2024-09-30 13:23:58,665 INFO     ___FILE_ONLY___ ═
2024-09-30 13:23:58,666 INFO     ___FILE_ONLY___ ═
2024-09-30 13:23:58,666 INFO     ___FILE_ONLY___ ═
2024-09-30 13:23:58,667 INFO     ___FILE_ONLY___ ═
2024-09-30 13:23:58,667 INFO     ___FILE_ONLY___ ═
2024-09-30 13:23:58,667 INFO     ___FILE_ONLY___ ═
2024-09-30 13:23:58,668 INFO     ___FILE_ONLY___ ═
2024-09-30 13:23:58,668 INFO     ___FILE_ONLY___ ═
2024-09-30 13:23:58,668 INFO     ___FILE_ONLY___ ═
2024-09-30 13:23:58,669 INFO     ___FILE_ONLY___ ═
2024-09-30 13:23:58,669 INFO     ___FILE_ONLY___ ═
2024-09-30 13:23:58,669 INFO     ___FILE_ONLY___ ╝

2024-09-30 13:23:58,672 INFO     ___FILE_ONLY___ ╔════════════════════════════════════════════════════════════╗

2024-09-30 13:23:58,672 INFO     ___FILE_ONLY___ ╠═ Downloading: Cloud Storage Command Line Tool (Platfor... ═╣

2024-09-30 13:23:58,672 INFO     ___FILE_ONLY___ ╚
2024-09-30 13:23:58,676 DEBUG    urllib3.connectionpool Starting new HTTPS connection (1): dl.google.com:443
2024-09-30 13:23:58,773 DEBUG    urllib3.connectionpool https://dl.google.com:443 "GET /dl/cloudsdk/channels/rapid/components/google-cloud-sdk-gsutil-nix-20240830134514.tar.gz HTTP/1.1" 200 1928
2024-09-30 13:23:58,774 INFO     ___FILE_ONLY___ ════════════════════════════════════════════════════════════
2024-09-30 13:23:58,774 INFO     ___FILE_ONLY___ ╝

2024-09-30 13:23:58,777 INFO     ___FILE_ONLY___ ╔════════════════════════════════════════════════════════════╗

2024-09-30 13:23:58,777 INFO     ___FILE_ONLY___ ╠═ Downloading: Default set of gcloud commands              ═╣

2024-09-30 13:23:58,777 INFO     ___FILE_ONLY___ ╚
2024-09-30 13:23:58,777 INFO     ___FILE_ONLY___ ════════════════════════════════════════════════════════════
2024-09-30 13:23:58,777 INFO     ___FILE_ONLY___ ╝

2024-09-30 13:23:58,779 INFO     ___FILE_ONLY___ ╔════════════════════════════════════════════════════════════╗

2024-09-30 13:23:58,779 INFO     ___FILE_ONLY___ ╠═ Downloading: Google Cloud CLI Core Libraries (Platfor... ═╣

2024-09-30 13:23:58,779 INFO     ___FILE_ONLY___ ╚
2024-09-30 13:23:58,783 DEBUG    urllib3.connectionpool Starting new HTTPS connection (1): dl.google.com:443
2024-09-30 13:23:58,849 DEBUG    urllib3.connectionpool https://dl.google.com:443 "GET /dl/cloudsdk/channels/rapid/components/google-cloud-sdk-core-nix-20240830134514.tar.gz HTTP/1.1" 200 2306
2024-09-30 13:23:58,850 INFO     ___FILE_ONLY___ ════════════════════════════════════════════════════════════
2024-09-30 13:23:58,850 INFO     ___FILE_ONLY___ ╝

2024-09-30 13:23:58,852 INFO     ___FILE_ONLY___ ╔════════════════════════════════════════════════════════════╗

2024-09-30 13:23:58,852 INFO     ___FILE_ONLY___ ╠═ Downloading: Google Cloud CRC32C Hash Tool               ═╣

2024-09-30 13:23:58,852 INFO     ___FILE_ONLY___ ╚
2024-09-30 13:23:58,853 INFO     ___FILE_ONLY___ ════════════════════════════════════════════════════════════
2024-09-30 13:23:58,853 INFO     ___FILE_ONLY___ ╝

2024-09-30 13:23:58,855 INFO     ___FILE_ONLY___ ╔════════════════════════════════════════════════════════════╗

2024-09-30 13:23:58,855 INFO     ___FILE_ONLY___ ╠═ Downloading: Google Cloud CRC32C Hash Tool (Platform ... ═╣

2024-09-30 13:23:58,855 INFO     ___FILE_ONLY___ ╚
2024-09-30 13:23:58,858 DEBUG    urllib3.connectionpool Starting new HTTPS connection (1): dl.google.com:443
2024-09-30 13:23:58,950 DEBUG    urllib3.connectionpool https://dl.google.com:443 "GET /dl/cloudsdk/channels/rapid/components/google-cloud-sdk-gcloud-crc32c-linux-x86_64-20240712142834.tar.gz HTTP/1.1" 200 1350263
2024-09-30 13:23:58,963 INFO     ___FILE_ONLY___ ═
2024-09-30 13:23:58,963 INFO     ___FILE_ONLY___ ═
2024-09-30 13:23:58,963 INFO     ___FILE_ONLY___ ═
2024-09-30 13:23:58,963 INFO     ___FILE_ONLY___ ═
2024-09-30 13:23:58,963 INFO     ___FILE_ONLY___ ═
2024-09-30 13:23:58,964 INFO     ___FILE_ONLY___ ═
2024-09-30 13:23:58,964 INFO     ___FILE_ONLY___ ═
2024-09-30 13:23:58,964 INFO     ___FILE_ONLY___ ═
2024-09-30 13:23:58,964 INFO     ___FILE_ONLY___ ═
2024-09-30 13:23:58,964 INFO     ___FILE_ONLY___ ═
2024-09-30 13:23:58,964 INFO     ___FILE_ONLY___ ═
2024-09-30 13:23:58,964 INFO     ___FILE_ONLY___ ═
2024-09-30 13:23:58,964 INFO     ___FILE_ONLY___ ═
2024-09-30 13:23:58,964 INFO     ___FILE_ONLY___ ═
2024-09-30 13:23:58,965 INFO     ___FILE_ONLY___ ═
2024-09-30 13:23:58,965 INFO     ___FILE_ONLY___ ═
2024-09-30 13:23:58,965 INFO     ___FILE_ONLY___ ═
2024-09-30 13:23:58,965 INFO     ___FILE_ONLY___ ═
2024-09-30 13:23:58,965 INFO     ___FILE_ONLY___ ═
2024-09-30 13:23:58,965 INFO     ___FILE_ONLY___ ═
2024-09-30 13:23:58,965 INFO     ___FILE_ONLY___ ═
2024-09-30 13:23:58,965 INFO     ___FILE_ONLY___ ═
2024-09-30 13:23:58,965 INFO     ___FILE_ONLY___ ═
2024-09-30 13:23:58,965 INFO     ___FILE_ONLY___ ═
2024-09-30 13:23:58,966 INFO     ___FILE_ONLY___ ═
2024-09-30 13:23:58,966 INFO     ___FILE_ONLY___ ═
2024-09-30 13:23:58,966 INFO     ___FILE_ONLY___ ═
2024-09-30 13:23:58,966 INFO     ___FILE_ONLY___ ═
2024-09-30 13:23:58,966 INFO     ___FILE_ONLY___ ═
2024-09-30 13:23:58,966 INFO     ___FILE_ONLY___ ═
2024-09-30 13:23:58,966 INFO     ___FILE_ONLY___ ═
2024-09-30 13:23:58,966 INFO     ___FILE_ONLY___ ═
2024-09-30 13:23:58,967 INFO     ___FILE_ONLY___ ═
2024-09-30 13:23:58,967 INFO     ___FILE_ONLY___ ═
2024-09-30 13:23:58,967 INFO     ___FILE_ONLY___ ═
2024-09-30 13:23:58,967 INFO     ___FILE_ONLY___ ═
2024-09-30 13:23:58,967 INFO     ___FILE_ONLY___ ═
2024-09-30 13:23:58,967 INFO     ___FILE_ONLY___ ═
2024-09-30 13:23:58,967 INFO     ___FILE_ONLY___ ═
2024-09-30 13:23:58,967 INFO     ___FILE_ONLY___ ═
2024-09-30 13:23:58,967 INFO     ___FILE_ONLY___ ═
2024-09-30 13:23:58,967 INFO     ___FILE_ONLY___ ═
2024-09-30 13:23:58,968 INFO     ___FILE_ONLY___ ═
2024-09-30 13:23:58,968 INFO     ___FILE_ONLY___ ═
2024-09-30 13:23:58,968 INFO     ___FILE_ONLY___ ═
2024-09-30 13:23:58,968 INFO     ___FILE_ONLY___ ═
2024-09-30 13:23:58,968 INFO     ___FILE_ONLY___ ═
2024-09-30 13:23:58,968 INFO     ___FILE_ONLY___ ═
2024-09-30 13:23:58,968 INFO     ___FILE_ONLY___ ═
2024-09-30 13:23:58,968 INFO     ___FILE_ONLY___ ═
2024-09-30 13:23:58,968 INFO     ___FILE_ONLY___ ═
2024-09-30 13:23:58,969 INFO     ___FILE_ONLY___ ═
2024-09-30 13:23:58,969 INFO     ___FILE_ONLY___ ═
2024-09-30 13:23:58,969 INFO     ___FILE_ONLY___ ═
2024-09-30 13:23:58,969 INFO     ___FILE_ONLY___ ═
2024-09-30 13:23:58,969 INFO     ___FILE_ONLY___ ═
2024-09-30 13:23:58,969 INFO     ___FILE_ONLY___ ═
2024-09-30 13:23:58,969 INFO     ___FILE_ONLY___ ═
2024-09-30 13:23:58,969 INFO     ___FILE_ONLY___ ═
2024-09-30 13:23:58,969 INFO     ___FILE_ONLY___ ═
2024-09-30 13:23:58,969 INFO     ___FILE_ONLY___ ╝

2024-09-30 13:23:58,972 INFO     ___FILE_ONLY___ ╔════════════════════════════════════════════════════════════╗

2024-09-30 13:23:58,972 INFO     ___FILE_ONLY___ ╠═ Downloading: gcloud cli dependencies (Platform Specific) ═╣

2024-09-30 13:23:58,972 INFO     ___FILE_ONLY___ ╚
2024-09-30 13:23:58,976 DEBUG    urllib3.connectionpool Starting new HTTPS connection (1): dl.google.com:443
2024-09-30 13:23:59,042 DEBUG    urllib3.connectionpool https://dl.google.com:443 "GET /dl/cloudsdk/channels/rapid/components/google-cloud-sdk-gcloud-deps-linux-x86_64-20210416153011.tar.gz HTTP/1.1" 200 104
2024-09-30 13:23:59,043 INFO     ___FILE_ONLY___ ════════════════════════════════════════════════════════════
2024-09-30 13:23:59,043 INFO     ___FILE_ONLY___ ╝

2024-09-30 13:23:59,045 INFO     ___FILE_ONLY___ ╔════════════════════════════════════════════════════════════╗

2024-09-30 13:23:59,045 INFO     ___FILE_ONLY___ ╠═ Installing: BigQuery Command Line Tool                   ═╣

2024-09-30 13:23:59,045 INFO     ___FILE_ONLY___ ╚
2024-09-30 13:23:59,176 INFO     ___FILE_ONLY___ ═
2024-09-30 13:23:59,179 INFO     ___FILE_ONLY___ ═
2024-09-30 13:23:59,182 INFO     ___FILE_ONLY___ ═
2024-09-30 13:23:59,185 INFO     ___FILE_ONLY___ ═
2024-09-30 13:23:59,188 INFO     ___FILE_ONLY___ ═
2024-09-30 13:23:59,191 INFO     ___FILE_ONLY___ ═
2024-09-30 13:23:59,193 INFO     ___FILE_ONLY___ ═
2024-09-30 13:23:59,197 INFO     ___FILE_ONLY___ ═
2024-09-30 13:23:59,199 INFO     ___FILE_ONLY___ ═
2024-09-30 13:23:59,201 INFO     ___FILE_ONLY___ ═
2024-09-30 13:23:59,204 INFO     ___FILE_ONLY___ ═
2024-09-30 13:23:59,207 INFO     ___FILE_ONLY___ ═
2024-09-30 13:23:59,209 INFO     ___FILE_ONLY___ ═
2024-09-30 13:23:59,212 INFO     ___FILE_ONLY___ ═
2024-09-30 13:23:59,214 INFO     ___FILE_ONLY___ ═
2024-09-30 13:23:59,217 INFO     ___FILE_ONLY___ ═
2024-09-30 13:23:59,220 INFO     ___FILE_ONLY___ ═
2024-09-30 13:23:59,224 INFO     ___FILE_ONLY___ ═
2024-09-30 13:23:59,226 INFO     ___FILE_ONLY___ ═
2024-09-30 13:23:59,229 INFO     ___FILE_ONLY___ ═
2024-09-30 13:23:59,232 INFO     ___FILE_ONLY___ ═
2024-09-30 13:23:59,234 INFO     ___FILE_ONLY___ ═
2024-09-30 13:23:59,236 INFO     ___FILE_ONLY___ ═
2024-09-30 13:23:59,239 INFO     ___FILE_ONLY___ ═
2024-09-30 13:23:59,242 INFO     ___FILE_ONLY___ ═
2024-09-30 13:23:59,244 INFO     ___FILE_ONLY___ ═
2024-09-30 13:23:59,246 INFO     ___FILE_ONLY___ ═
2024-09-30 13:23:59,251 INFO     ___FILE_ONLY___ ═
2024-09-30 13:23:59,254 INFO     ___FILE_ONLY___ ═
2024-09-30 13:23:59,256 INFO     ___FILE_ONLY___ ═
2024-09-30 13:23:59,259 INFO     ___FILE_ONLY___ ═
2024-09-30 13:23:59,261 INFO     ___FILE_ONLY___ ═
2024-09-30 13:23:59,265 INFO     ___FILE_ONLY___ ═
2024-09-30 13:23:59,269 INFO     ___FILE_ONLY___ ═
2024-09-30 13:23:59,279 INFO     ___FILE_ONLY___ ═
2024-09-30 13:23:59,281 INFO     ___FILE_ONLY___ ═
2024-09-30 13:23:59,284 INFO     ___FILE_ONLY___ ═
2024-09-30 13:23:59,289 INFO     ___FILE_ONLY___ ═
2024-09-30 13:23:59,292 INFO     ___FILE_ONLY___ ═
2024-09-30 13:23:59,295 INFO     ___FILE_ONLY___ ═
2024-09-30 13:23:59,297 INFO     ___FILE_ONLY___ ═
2024-09-30 13:23:59,301 INFO     ___FILE_ONLY___ ═
2024-09-30 13:23:59,305 INFO     ___FILE_ONLY___ ═
2024-09-30 13:23:59,308 INFO     ___FILE_ONLY___ ═
2024-09-30 13:23:59,310 INFO     ___FILE_ONLY___ ═
2024-09-30 13:23:59,313 INFO     ___FILE_ONLY___ ═
2024-09-30 13:23:59,316 INFO     ___FILE_ONLY___ ═
2024-09-30 13:23:59,318 INFO     ___FILE_ONLY___ ═
2024-09-30 13:23:59,321 INFO     ___FILE_ONLY___ ═
2024-09-30 13:23:59,323 INFO     ___FILE_ONLY___ ═
2024-09-30 13:23:59,325 INFO     ___FILE_ONLY___ ═
2024-09-30 13:23:59,328 INFO     ___FILE_ONLY___ ═
2024-09-30 13:23:59,330 INFO     ___FILE_ONLY___ ═
2024-09-30 13:23:59,333 INFO     ___FILE_ONLY___ ═
2024-09-30 13:23:59,335 INFO     ___FILE_ONLY___ ═
2024-09-30 13:23:59,337 INFO     ___FILE_ONLY___ ═
2024-09-30 13:23:59,340 INFO     ___FILE_ONLY___ ═
2024-09-30 13:23:59,342 INFO     ___FILE_ONLY___ ═
2024-09-30 13:23:59,345 INFO     ___FILE_ONLY___ ═
2024-09-30 13:23:59,348 INFO     ___FILE_ONLY___ ═
2024-09-30 13:23:59,348 INFO     ___FILE_ONLY___ ╝

2024-09-30 13:23:59,365 INFO     ___FILE_ONLY___ ╔════════════════════════════════════════════════════════════╗

2024-09-30 13:23:59,366 INFO     ___FILE_ONLY___ ╠═ Installing: BigQuery Command Line Tool (Platform Spec... ═╣

2024-09-30 13:23:59,366 INFO     ___FILE_ONLY___ ╚
2024-09-30 13:23:59,367 INFO     ___FILE_ONLY___ ════════════════════════════════════════════════════════════
2024-09-30 13:23:59,367 INFO     ___FILE_ONLY___ ╝

2024-09-30 13:23:59,376 INFO     ___FILE_ONLY___ ╔════════════════════════════════════════════════════════════╗

2024-09-30 13:23:59,376 INFO     ___FILE_ONLY___ ╠═ Installing: Bundled Python 3.11                          ═╣

2024-09-30 13:23:59,376 INFO     ___FILE_ONLY___ ╚
2024-09-30 13:23:59,382 INFO     ___FILE_ONLY___ ════════════════════════════════════════════════════════════
2024-09-30 13:23:59,383 INFO     ___FILE_ONLY___ ╝

2024-09-30 13:23:59,385 INFO     ___FILE_ONLY___ ╔════════════════════════════════════════════════════════════╗

2024-09-30 13:23:59,385 INFO     ___FILE_ONLY___ ╠═ Installing: Bundled Python 3.11 (Platform Specific)      ═╣

2024-09-30 13:23:59,385 INFO     ___FILE_ONLY___ ╚
2024-09-30 13:24:01,721 INFO     ___FILE_ONLY___ ═
2024-09-30 13:24:01,739 INFO     ___FILE_ONLY___ ═
2024-09-30 13:24:01,755 INFO     ___FILE_ONLY___ ═
2024-09-30 13:24:01,770 INFO     ___FILE_ONLY___ ═
2024-09-30 13:24:01,785 INFO     ___FILE_ONLY___ ═
2024-09-30 13:24:01,800 INFO     ___FILE_ONLY___ ═
2024-09-30 13:24:01,816 INFO     ___FILE_ONLY___ ═
2024-09-30 13:24:01,831 INFO     ___FILE_ONLY___ ═
2024-09-30 13:24:01,846 INFO     ___FILE_ONLY___ ═
2024-09-30 13:24:01,861 INFO     ___FILE_ONLY___ ═
2024-09-30 13:24:01,875 INFO     ___FILE_ONLY___ ═
2024-09-30 13:24:01,890 INFO     ___FILE_ONLY___ ═
2024-09-30 13:24:01,905 INFO     ___FILE_ONLY___ ═
2024-09-30 13:24:01,920 INFO     ___FILE_ONLY___ ═
2024-09-30 13:24:01,936 INFO     ___FILE_ONLY___ ═
2024-09-30 13:24:01,952 INFO     ___FILE_ONLY___ ═
2024-09-30 13:24:01,968 INFO     ___FILE_ONLY___ ═
2024-09-30 13:24:01,983 INFO     ___FILE_ONLY___ ═
2024-09-30 13:24:02,006 INFO     ___FILE_ONLY___ ═
2024-09-30 13:24:02,021 INFO     ___FILE_ONLY___ ═
2024-09-30 13:24:02,036 INFO     ___FILE_ONLY___ ═
2024-09-30 13:24:02,051 INFO     ___FILE_ONLY___ ═
2024-09-30 13:24:02,066 INFO     ___FILE_ONLY___ ═
2024-09-30 13:24:02,082 INFO     ___FILE_ONLY___ ═
2024-09-30 13:24:02,097 INFO     ___FILE_ONLY___ ═
2024-09-30 13:24:02,113 INFO     ___FILE_ONLY___ ═
2024-09-30 13:24:02,128 INFO     ___FILE_ONLY___ ═
2024-09-30 13:24:02,143 INFO     ___FILE_ONLY___ ═
2024-09-30 13:24:02,162 INFO     ___FILE_ONLY___ ═
2024-09-30 13:24:02,177 INFO     ___FILE_ONLY___ ═
2024-09-30 13:24:02,195 INFO     ___FILE_ONLY___ ═
2024-09-30 13:24:02,212 INFO     ___FILE_ONLY___ ═
2024-09-30 13:24:02,226 INFO     ___FILE_ONLY___ ═
2024-09-30 13:24:02,241 INFO     ___FILE_ONLY___ ═
2024-09-30 13:24:02,257 INFO     ___FILE_ONLY___ ═
2024-09-30 13:24:02,272 INFO     ___FILE_ONLY___ ═
2024-09-30 13:24:03,081 INFO     ___FILE_ONLY___ ═
2024-09-30 13:24:03,110 INFO     ___FILE_ONLY___ ═
2024-09-30 13:24:03,137 INFO     ___FILE_ONLY___ ═
2024-09-30 13:24:03,162 INFO     ___FILE_ONLY___ ═
2024-09-30 13:24:03,186 INFO     ___FILE_ONLY___ ═
2024-09-30 13:24:03,338 INFO     ___FILE_ONLY___ ═
2024-09-30 13:24:03,370 INFO     ___FILE_ONLY___ ═
2024-09-30 13:24:03,393 INFO     ___FILE_ONLY___ ═
2024-09-30 13:24:03,412 INFO     ___FILE_ONLY___ ═
2024-09-30 13:24:03,434 INFO     ___FILE_ONLY___ ═
2024-09-30 13:24:03,468 INFO     ___FILE_ONLY___ ═
2024-09-30 13:24:03,492 INFO     ___FILE_ONLY___ ═
2024-09-30 13:24:03,513 INFO     ___FILE_ONLY___ ═
2024-09-30 13:24:03,531 INFO     ___FILE_ONLY___ ═
2024-09-30 13:24:03,633 INFO     ___FILE_ONLY___ ═
2024-09-30 13:24:03,655 INFO     ___FILE_ONLY___ ═
2024-09-30 13:24:03,679 INFO     ___FILE_ONLY___ ═
2024-09-30 13:24:03,702 INFO     ___FILE_ONLY___ ═
2024-09-30 13:24:03,752 INFO     ___FILE_ONLY___ ═
2024-09-30 13:24:04,160 INFO     ___FILE_ONLY___ ═
2024-09-30 13:24:04,181 INFO     ___FILE_ONLY___ ═
2024-09-30 13:24:04,205 INFO     ___FILE_ONLY___ ═
2024-09-30 13:24:04,227 INFO     ___FILE_ONLY___ ═
2024-09-30 13:24:04,635 INFO     ___FILE_ONLY___ ═
2024-09-30 13:24:04,636 INFO     ___FILE_ONLY___ ╝

2024-09-30 13:24:04,752 INFO     ___FILE_ONLY___ ╔════════════════════════════════════════════════════════════╗

2024-09-30 13:24:04,752 INFO     ___FILE_ONLY___ ╠═ Installing: Cloud Storage Command Line Tool              ═╣

2024-09-30 13:24:04,752 INFO     ___FILE_ONLY___ ╚
2024-09-30 13:24:05,480 INFO     ___FILE_ONLY___ ═
2024-09-30 13:24:05,494 INFO     ___FILE_ONLY___ ═
2024-09-30 13:24:05,510 INFO     ___FILE_ONLY___ ═
2024-09-30 13:24:05,532 INFO     ___FILE_ONLY___ ═
2024-09-30 13:24:05,550 INFO     ___FILE_ONLY___ ═
2024-09-30 13:24:05,569 INFO     ___FILE_ONLY___ ═
2024-09-30 13:24:05,585 INFO     ___FILE_ONLY___ ═
2024-09-30 13:24:05,610 INFO     ___FILE_ONLY___ ═
2024-09-30 13:24:05,625 INFO     ___FILE_ONLY___ ═
2024-09-30 13:24:05,637 INFO     ___FILE_ONLY___ ═
2024-09-30 13:24:05,650 INFO     ___FILE_ONLY___ ═
2024-09-30 13:24:05,693 INFO     ___FILE_ONLY___ ═
2024-09-30 13:24:05,706 INFO     ___FILE_ONLY___ ═
2024-09-30 13:24:05,721 INFO     ___FILE_ONLY___ ═
2024-09-30 13:24:05,736 INFO     ___FILE_ONLY___ ═
2024-09-30 13:24:05,747 INFO     ___FILE_ONLY___ ═
2024-09-30 13:24:05,758 INFO     ___FILE_ONLY___ ═
2024-09-30 13:24:05,771 INFO     ___FILE_ONLY___ ═
2024-09-30 13:24:05,782 INFO     ___FILE_ONLY___ ═
2024-09-30 13:24:05,795 INFO     ___FILE_ONLY___ ═
2024-09-30 13:24:05,807 INFO     ___FILE_ONLY___ ═
2024-09-30 13:24:05,818 INFO     ___FILE_ONLY___ ═
2024-09-30 13:24:05,830 INFO     ___FILE_ONLY___ ═
2024-09-30 13:24:05,845 INFO     ___FILE_ONLY___ ═
2024-09-30 13:24:05,856 INFO     ___FILE_ONLY___ ═
2024-09-30 13:24:05,871 INFO     ___FILE_ONLY___ ═
2024-09-30 13:24:05,886 INFO     ___FILE_ONLY___ ═
2024-09-30 13:24:05,901 INFO     ___FILE_ONLY___ ═
2024-09-30 13:24:05,915 INFO     ___FILE_ONLY___ ═
2024-09-30 13:24:05,937 INFO     ___FILE_ONLY___ ═
2024-09-30 13:24:05,949 INFO     ___FILE_ONLY___ ═
2024-09-30 13:24:05,963 INFO     ___FILE_ONLY___ ═
2024-09-30 13:24:05,974 INFO     ___FILE_ONLY___ ═
2024-09-30 13:24:05,993 INFO     ___FILE_ONLY___ ═
2024-09-30 13:24:06,005 INFO     ___FILE_ONLY___ ═
2024-09-30 13:24:06,019 INFO     ___FILE_ONLY___ ═
2024-09-30 13:24:06,036 INFO     ___FILE_ONLY___ ═
2024-09-30 13:24:06,054 INFO     ___FILE_ONLY___ ═
2024-09-30 13:24:06,070 INFO     ___FILE_ONLY___ ═
2024-09-30 13:24:06,089 INFO     ___FILE_ONLY___ ═
2024-09-30 13:24:06,105 INFO     ___FILE_ONLY___ ═
2024-09-30 13:24:06,119 INFO     ___FILE_ONLY___ ═
2024-09-30 13:24:06,132 INFO     ___FILE_ONLY___ ═
2024-09-30 13:24:06,148 INFO     ___FILE_ONLY___ ═
2024-09-30 13:24:06,164 INFO     ___FILE_ONLY___ ═
2024-09-30 13:24:06,181 INFO     ___FILE_ONLY___ ═
2024-09-30 13:24:06,198 INFO     ___FILE_ONLY___ ═
2024-09-30 13:24:06,212 INFO     ___FILE_ONLY___ ═
2024-09-30 13:24:06,229 INFO     ___FILE_ONLY___ ═
2024-09-30 13:24:06,243 INFO     ___FILE_ONLY___ ═
2024-09-30 13:24:06,255 INFO     ___FILE_ONLY___ ═
2024-09-30 13:24:06,268 INFO     ___FILE_ONLY___ ═
2024-09-30 13:24:06,281 INFO     ___FILE_ONLY___ ═
2024-09-30 13:24:06,293 INFO     ___FILE_ONLY___ ═
2024-09-30 13:24:06,305 INFO     ___FILE_ONLY___ ═
2024-09-30 13:24:06,317 INFO     ___FILE_ONLY___ ═
2024-09-30 13:24:06,328 INFO     ___FILE_ONLY___ ═
2024-09-30 13:24:06,352 INFO     ___FILE_ONLY___ ═
2024-09-30 13:24:06,370 INFO     ___FILE_ONLY___ ═
2024-09-30 13:24:06,390 INFO     ___FILE_ONLY___ ═
2024-09-30 13:24:06,390 INFO     ___FILE_ONLY___ ╝

2024-09-30 13:24:06,472 INFO     ___FILE_ONLY___ ╔════════════════════════════════════════════════════════════╗

2024-09-30 13:24:06,472 INFO     ___FILE_ONLY___ ╠═ Installing: Cloud Storage Command Line Tool (Platform... ═╣

2024-09-30 13:24:06,472 INFO     ___FILE_ONLY___ ╚
2024-09-30 13:24:06,473 INFO     ___FILE_ONLY___ ════════════════════════════════════════════════════════════
2024-09-30 13:24:06,474 INFO     ___FILE_ONLY___ ╝

2024-09-30 13:24:06,482 INFO     ___FILE_ONLY___ ╔════════════════════════════════════════════════════════════╗

2024-09-30 13:24:06,482 INFO     ___FILE_ONLY___ ╠═ Installing: Default set of gcloud commands               ═╣

2024-09-30 13:24:06,482 INFO     ___FILE_ONLY___ ╚
2024-09-30 13:24:06,489 INFO     ___FILE_ONLY___ ════════════════════════════════════════════════════════════
2024-09-30 13:24:06,489 INFO     ___FILE_ONLY___ ╝

2024-09-30 13:24:06,491 INFO     ___FILE_ONLY___ ╔════════════════════════════════════════════════════════════╗

2024-09-30 13:24:06,491 INFO     ___FILE_ONLY___ ╠═ Installing: Google Cloud CLI Core Libraries (Platform... ═╣

2024-09-30 13:24:06,491 INFO     ___FILE_ONLY___ ╚
2024-09-30 13:24:06,493 INFO     ___FILE_ONLY___ ══════════════════════════════
2024-09-30 13:24:06,493 INFO     ___FILE_ONLY___ ══════════════════════════════
2024-09-30 13:24:06,493 INFO     ___FILE_ONLY___ ╝

2024-09-30 13:24:06,502 INFO     ___FILE_ONLY___ ╔════════════════════════════════════════════════════════════╗

2024-09-30 13:24:06,502 INFO     ___FILE_ONLY___ ╠═ Installing: Google Cloud CRC32C Hash Tool                ═╣

2024-09-30 13:24:06,502 INFO     ___FILE_ONLY___ ╚
2024-09-30 13:24:06,508 INFO     ___FILE_ONLY___ ════════════════════════════════════════════════════════════
2024-09-30 13:24:06,509 INFO     ___FILE_ONLY___ ╝

2024-09-30 13:24:06,511 INFO     ___FILE_ONLY___ ╔════════════════════════════════════════════════════════════╗

2024-09-30 13:24:06,511 INFO     ___FILE_ONLY___ ╠═ Installing: Google Cloud CRC32C Hash Tool (Platform S... ═╣

2024-09-30 13:24:06,511 INFO     ___FILE_ONLY___ ╚
2024-09-30 13:24:06,549 INFO     ___FILE_ONLY___ ══════════════════════════════
2024-09-30 13:24:06,550 INFO     ___FILE_ONLY___ ══════════════════════════════
2024-09-30 13:24:06,550 INFO     ___FILE_ONLY___ ╝

2024-09-30 13:24:06,559 INFO     ___FILE_ONLY___ ╔════════════════════════════════════════════════════════════╗

2024-09-30 13:24:06,559 INFO     ___FILE_ONLY___ ╠═ Installing: gcloud cli dependencies (Platform Specific)  ═╣

2024-09-30 13:24:06,559 INFO     ___FILE_ONLY___ ╚
2024-09-30 13:24:06,559 INFO     ___FILE_ONLY___ ════════════════════════════════════════════════════════════
2024-09-30 13:24:06,560 INFO     ___FILE_ONLY___ ╝

2024-09-30 13:24:06,570 DEBUG    root            Updating notification cache...
2024-09-30 13:24:06,571 INFO     ___FILE_ONLY___ 

2024-09-30 13:24:06,573 INFO     ___FILE_ONLY___ Performing post processing steps...
2024-09-30 13:24:06,574 DEBUG    root            Executing command: ['/tools/google-cloud-sdk/bin/gcloud', 'components', 'post-process']
2024-09-30 13:24:19,767 DEBUG    ___FILE_ONLY___ 
2024-09-30 13:24:19,767 DEBUG    ___FILE_ONLY___ 
2024-09-30 13:24:19,859 INFO     ___FILE_ONLY___ 
Update done!


2024-09-30 13:24:19,863 DEBUG    root            Chosen display Format:none
2024-09-30 13:24:19,864 INFO     root            Display format: "none"
